<?xml version="1.0" encoding="UTF-8"?>
<!-- Generated by org.testng.reporters.JUnitReportReporter -->
<testsuite hostname="DESKTOP-5I8QE3D" failures="0" tests="2" name="TestNGDemo.NewTest" time="45.018" errors="0" timestamp="2022-10-27T16:58:54 IST" skipped="0">
  <testcase classname="TestNGDemo.NewTest" name="f" time="23.333"/>
  <system-out/>
  <testcase classname="TestNGDemo.NewTest" name="f" time="21.685"/>
  <system-out/>
</testsuite> <!-- TestNGDemo.NewTest -->
