<?xml version="1.0" encoding="UTF-8"?>
<!-- Generated by org.testng.reporters.JUnitReportReporter -->
<testsuite hostname="DESKTOP-5I8QE3D" failures="0" tests="2" name="TestNGDemo.groups" time="0.038" errors="0" timestamp="2022-10-30T23:44:49 IST" skipped="0">
  <testcase classname="TestNGDemo.groups" name="tc1" time="0.032"/>
  <system-out/>
  <testcase classname="TestNGDemo.groups" name="tc3" time="0.006"/>
  <system-out/>
</testsuite> <!-- TestNGDemo.groups -->
