<?xml version="1.0" encoding="UTF-8"?>
<!-- Generated by org.testng.reporters.JUnitReportReporter -->
<testsuite hostname="DESKTOP-5I8QE3D" failures="0" tests="2" name="TestNGDemo.JSExecutor_Automation" time="27.761" errors="0" timestamp="2022-11-01T18:17:46 IST" skipped="0">
  <testcase classname="TestNGDemo.JSExecutor_Automation" name="test2" time="17.563"/>
  <system-out/>
  <testcase classname="TestNGDemo.JSExecutor_Automation" name="test1" time="10.198"/>
  <system-out/>
</testsuite> <!-- TestNGDemo.JSExecutor_Automation -->
