<?xml version="1.0" encoding="UTF-8"?>
<!-- Generated by org.testng.reporters.JUnitReportReporter -->
<testsuite hostname="DESKTOP-5I8QE3D" failures="0" tests="1" name="TestNGDemo.hrm_utils" time="9.103" errors="0" timestamp="2022-11-01T11:12:52 IST" skipped="0">
  <testcase classname="TestNGDemo.hrm_utils" name="tc1" time="9.103"/>
  <system-out/>
</testsuite> <!-- TestNGDemo.hrm_utils -->
